#***************************************************************************

#sjplacer

#Version:            1.1

#Build Date:         Dec  5 2012 10:19:42

#File Generated:     Apr 29 2013 10:08:18

#Purpose:            

#Copyright (C) 2010-2011 by Softjin Technologies Pvt Ltd. All rights reserved.

#***************************************************************************

Executing : C:\Program Files (x86)\Cypress\PSoC Creator\2.2\PSoC Creator\bin/sjplacer.exe --proj-name Motor Sheild Module --netlist-vh2 Motor Sheild Module_p.vh2 --arch-file C:\Program Files (x86)\Cypress\PSoC Creator\2.2\PSoC Creator\dev/psoc3/psoc35_placer.ark --rrg-file C:\Program Files (x86)\Cypress\PSoC Creator\2.2\PSoC Creator\dev/psoc5/route_arch-rrg.cydata --irq-file C:\Program Files (x86)\Cypress\PSoC Creator\2.2\PSoC Creator\dev/psoc5/psoc5_irqconn.cydata --drq-file C:\Program Files (x86)\Cypress\PSoC Creator\2.2\PSoC Creator\dev/psoc5/psoc5_dmaconn.cydata --dsi-conn-file C:\Program Files (x86)\Cypress\PSoC Creator\2.2\PSoC Creator\dev/psoc5/psoc5_dsiconn.cydata --pins-file PSoC5_Panther_100-TQFP.xml --lib-file Motor Sheild Module_p.lib --sdc-file Motor Sheild Module.sdc --io-pcf Motor Sheild Module.pci --outdir . --legacy-udb-reset

		Softjin Techologies Placer, Version 1.1

Build Date : Dec  5 2012	10:22:46

D2004: Option and Settings Summary
=============================================================
Netlist vh2 file          - Motor Sheild Module_p.vh2
Architecture file         - C:\Program Files (x86)\Cypress\PSoC Creator\2.2\PSoC Creator\dev/psoc3/psoc35_placer.ark
Package                   - 
Defparam file             - 
SDC file                  - Motor Sheild Module.sdc
Output directory          - .
Timing library            - Motor Sheild Module_p.lib
IO Placement file         - Motor Sheild Module.pci

D2050: Starting reading inputs for placer
=============================================================
D2065: Reading netlist file : "Motor Sheild Module_p.vh2"
D2065: Reading arch file : "C:\Program Files (x86)\Cypress\PSoC Creator\2.2\PSoC Creator\dev/psoc3/psoc35_placer.ark"
D2051: Reading of inputs for placer completed successfully

D2053: Starting placement of the design
=============================================================

Phase 2
Phase 3

Design Statistics after Packing
    Number of Combinational MCs 	:	14
    Number of Sequential MCs    	:	114
    Number of DPs               	:	16
    Number of Controls          	:	17
    Number of Status            	:	17
    Number of SyncCells         	:	0
    Number of count7cells       	:	0

Device Utilization Summary after Packing
    Macrocells                  :	128/192
    UDBS                        :	17/24
    IOs                         :	4/72


D2088: Phase 3, elapsed time : 0.0 (sec)

Phase 4
D2088: Phase 4, elapsed time : 0.0 (sec)

Phase 5
D2088: Phase 5, elapsed time : 0.0 (sec)

Phase 6

######################################################################
Placement Timing Summary

The timing summary is based on estimated routing delays after
placement. For final timing report, please carry out the timing
analysis after routing.
======================================================================

######################################################################
                     Clock Summary 
======================================================================
Number of clocks: 7
Clock: Clock_1              | Frequency:  35.8 MHz | Target:   0.0 MHz
Clock: Clock_1(fixed-function) | Frequency: N/A       | Target:   0.0 MHz
Clock: CyBUS_CLK            | Frequency:  35.8 MHz | Target:  24.0 MHz
Clock: CyILO                | Frequency: N/A       | Target:   0.0 MHz
Clock: CyIMO                | Frequency: N/A       | Target:   3.0 MHz
Clock: CyMASTER_CLK         | Frequency: N/A       | Target:  24.0 MHz
Clock: CyPLL_OUT            | Frequency: N/A       | Target:  24.0 MHz

======================================================================
                     End of Clock Summary
######################################################################

D2088: Phase 6, elapsed time : 0.1 (sec)

Phase 7
######################################################################
                     Clock Summary 
======================================================================
Number of clocks: 7
Clock: Clock_1              | Frequency:   1.8 MHz | Target:   0.0 MHz
Clock: Clock_1(fixed-function) | Frequency: N/A       | Target:   0.0 MHz
Clock: CyBUS_CLK            | Frequency:   1.8 MHz | Target:  24.0 MHz
Clock: CyILO                | Frequency: N/A       | Target:   0.0 MHz
Clock: CyIMO                | Frequency: N/A       | Target:   3.0 MHz
Clock: CyMASTER_CLK         | Frequency: N/A       | Target:  24.0 MHz
Clock: CyPLL_OUT            | Frequency: N/A       | Target:  24.0 MHz

======================================================================
                     End of Clock Summary
######################################################################
D2088: Phase 7, elapsed time : 1.7 (sec)

Final Design Statistics
    Number of Combinational MCs 	:	14
    Number of Sequential MCs    	:	114
    Number of DPs               	:	16
    Number of Controls          	:	17
    Number of Status            	:	17
    Number of SyncCells         	:	0
    Number of count7cells       	:	0
    Number of IOs       	:	4

Device Utilization Summary
    Macrocells                  :	128/192
    IOs                         :	4/72



######################################################################
Placement Timing Summary

The timing summary is based on estimated routing delays after
placement. For final timing report, please carry out the timing
analysis after routing.
======================================================================


######################################################################
                     Clock Summary 
======================================================================
Number of clocks: 7
Clock: Clock_1              | Frequency:   1.8 MHz | Target:   0.0 MHz
Clock: Clock_1(fixed-function) | Frequency: N/A       | Target:   0.0 MHz
Clock: CyBUS_CLK            | Frequency:   1.8 MHz | Target:  24.0 MHz
Clock: CyILO                | Frequency: N/A       | Target:   0.0 MHz
Clock: CyIMO                | Frequency: N/A       | Target:   3.0 MHz
Clock: CyMASTER_CLK         | Frequency: N/A       | Target:  24.0 MHz
Clock: CyPLL_OUT            | Frequency: N/A       | Target:  24.0 MHz

======================================================================
                     End of Clock Summary
######################################################################

Phase 8
D2088: Phase 8, elapsed time : 0.0 (sec)

D2054: Placement of the design completed successfully

I2076: Total run-time: 2.8 sec.

